Quick-Cocos2dx-Community C++ support ready.

------------------------------------------------

LOAD LUA FILE: E:/teamAGame/src/main.lua

------------------------------------------------

[LUA-print] ===========================================================

[LUA-print]               LOAD QUICK FRAMEWORK

[LUA-print] ===========================================================

[LUA-print] [INFO] 

[LUA-print] [INFO] # DEBUG                        = 1

[LUA-print] [INFO] #

[LUA-print] [INFO] # device.platform              = windows

[LUA-print] [INFO] # device.model                 = unknown

[LUA-print] [INFO] # device.language              = cn

[LUA-print] [INFO] # device.writablePath          = E:\teamAGame\

[LUA-print] [INFO] # device.directorySeparator    = \

[LUA-print] [INFO] # device.pathSeparator         = ;

[LUA-print] [INFO] #

[LUA-print] [INFO] # CONFIG_SCREEN_AUTOSCALE      = FIXED_HEIGHT

[LUA-print] [INFO] # CONFIG_SCREEN_WIDTH          = 960.00

[LUA-print] [INFO] # CONFIG_SCREEN_HEIGHT         = 640.00

[LUA-print] [INFO] # display.widthInPixels        = 960.00

[LUA-print] [INFO] # display.heightInPixels       = 640.00

[LUA-print] [INFO] # display.contentScaleFactor   = 1.00

[LUA-print] [INFO] # display.width                = 960.00

[LUA-print] [INFO] # display.height               = 640.00

[LUA-print] [INFO] # display.cx                   = 480.00

[LUA-print] [INFO] # display.cy                   = 320.00

[LUA-print] [INFO] # display.left                 = 0.00

[LUA-print] [INFO] # display.right                = 960.00

[LUA-print] [INFO] # display.top                  = 640.00

[LUA-print] [INFO] # display.bottom               = 0.00

[LUA-print] [INFO] # display.c_left               = -480.00

[LUA-print] [INFO] # display.c_right              = 480.00

[LUA-print] [INFO] # display.c_top                = 320.00

[LUA-print] [INFO] # display.c_bottom             = -320.00

[LUA-print] [INFO] #

[LUA-print] caonima

[LUA-print] nil

[LUA-print] cao

[LUA-print] 0

[LUA-print] 0

[LUA-print] 0

[LUA-print] 0

[LUA-print] 0

[LUA-print] 0

textureSize = 0

classname = Node

size = 4

classname = Text

callBackName  cannot be found

size = 0

child = 0BEF7CE8

classname = ListView

callBackName  cannot be found

size = 0

child = 0C12E668

classname = Panel

callBackName  cannot be found

size = 7

classname = Text

callBackName  cannot be found

size = 0

child = 0BEF7588

classname = Sprite

size = 0

child = 0C1E96B0

classname = Text

callBackName  cannot be found

size = 0

child = 0BEFF988

classname = Text

callBackName  cannot be found

size = 0

child = 006BC290

classname = Text

callBackName  cannot be found

size = 0

child = 09EC8C48

classname = Text

callBackName  cannot be found

size = 0

child = 0C10F428

classname = Text

callBackName  cannot be found

size = 0

child = 0C10FDC0

child = 09EBCF00

classname = Sprite

size = 0

child = 0C108C68

textureSize = 0

classname = Node

size = 1

classname = Sprite

size = 0

child = 0C108860

textureSize = 0

classname = Node

size = 1

classname = Sprite

size = 0

child = 0C108458

textureSize = 0

classname = Node

size = 1

classname = Sprite

size = 0

child = 0C108050

textureSize = 0

classname = Node

size = 1

classname = Sprite

size = 0

child = 0C107C48

textureSize = 0

classname = Node

size = 1

classname = Sprite

size = 0

child = 0C107840

[LUA-print] 0

[LUA-print] 0

[LUA-print] 0

[LUA-print] 0

[LUA-print] 0

[LUA-print] 0

[LUA-print] 0

[LUA-print] 0

[LUA-print] 0

[LUA-print] 0

[LUA-print] 0

[LUA-print] 0

cocos2d: SpriteBatchNode: resizing TextureAtlas capacity from [53] to [72].

[LUA-print] 0

[LUA-print] 0

[LUA-print] 0

[LUA-print] 0

[LUA-print] 0

[LUA-print] 0

